This is pdfTeXk, Version 3.1415926-1.40.9 (Web2C 7.5.7) (format=latex 2009.6.23)  25 MAR 2010 09:35
entering extended mode
 Source specials enabled.
 %&-line parsing enabled.
**manual.tex
(./manual.tex
LaTeX2e <2005/12/01>
Babel <v3.8l> and hyphenation patterns for english, usenglishmax, dumylang, noh
yphenation, german-x-2008-06-18, ngerman-x-2008-06-18, ancientgreek, ibycus, ar
abic, basque, bulgarian, catalan, pinyin, coptic, croatian, czech, danish, dutc
h, esperanto, estonian, farsi, finnish, french, galician, german, ngerman, mono
greek, greek, hungarian, icelandic, indonesian, interlingua, irish, italian, la
tin, lithuanian, mongolian, mongolian2a, bokmal, nynorsk, polish, portuguese, r
omanian, russian, sanskrit, serbian, slovak, slovenian, spanish, swedish, turki
sh, ukenglish, ukrainian, uppersorbian, welsh, loaded.
(c:/Program Files/texlive/2008/texmf-dist/tex/latex/base/report.cls
Document Class: report 2005/09/16 v1.4f Standard LaTeX document class
(c:/Program Files/texlive/2008/texmf-dist/tex/latex/base/size10.clo
File: size10.clo 2005/09/16 v1.4f Standard LaTeX file (size option)
)
\c@part=\count79
\c@chapter=\count80
\c@section=\count81
\c@subsection=\count82
\c@subsubsection=\count83
\c@paragraph=\count84
\c@subparagraph=\count85
\c@figure=\count86
\c@table=\count87
\abovecaptionskip=\skip41
\belowcaptionskip=\skip42
\bibindent=\dimen102
)
\@input{preamble.aux}
\openout2 = `preamble.aux'.

(./preamble.tex
(c:/Program Files/texlive/2008/texmf-dist/tex/latex/graphics/color.sty
Package: color 2005/11/14 v1.0j Standard LaTeX Color (DPC)

(c:/Program Files/texlive/2008/texmf/tex/latex/config/color.cfg
File: color.cfg 2007/01/18 v1.5 color configuration of teTeX/TeXLive
)
Package color Info: Driver file: dvips.def on input line 130.

(c:/Program Files/texlive/2008/texmf-dist/tex/latex/graphics/dvips.def
File: dvips.def 1999/02/16 v3.0i Driver-dependant file (DPC,SPQR)
)
(c:/Program Files/texlive/2008/texmf-dist/tex/latex/graphics/dvipsnam.def
File: dvipsnam.def 1999/02/16 v3.0i Driver-dependant file (DPC,SPQR)
))
(c:/Program Files/texlive/2008/texmf-dist/tex/latex/listings/listings.sty
(c:/Program Files/texlive/2008/texmf-dist/tex/latex/graphics/keyval.sty
Package: keyval 1999/03/16 v1.13 key=value parser (DPC)
\KV@toks@=\toks14
)
\lst@mode=\count88
\lst@gtempboxa=\box26
\lst@token=\toks15
\lst@length=\count89
\lst@currlwidth=\dimen103
\lst@column=\count90
\lst@pos=\count91
\lst@lostspace=\dimen104
\lst@width=\dimen105
\lst@newlines=\count92
\lst@lineno=\count93
\lst@maxwidth=\dimen106

(c:/Program Files/texlive/2008/texmf-dist/tex/latex/listings/lstmisc.sty
File: lstmisc.sty 2007/02/22 1.4 (Carsten Heinz)
\c@lstnumber=\count94
\lst@skipnumbers=\count95
\lst@framebox=\box27
)
(c:/Program Files/texlive/2008/texmf-dist/tex/latex/listings/listings.cfg
File: listings.cfg 2007/02/22 1.4 listings configuration
))
Package: listings 2007/02/22 1.4 (Carsten Heinz)

(c:/Program Files/texlive/2008/texmf-dist/tex/latex/ltxmisc/a4wide.sty
Package: a4wide 1994/08/30

(c:/Program Files/texlive/2008/texmf-dist/tex/latex/ntgclass/a4.sty
Package: a4 2004/04/15 v1.2g A4 based page layout
))
(c:/Program Files/texlive/2008/texmf-dist/tex/latex/amsfonts/amssymb.sty
Package: amssymb 2002/01/22 v2.2d

(c:/Program Files/texlive/2008/texmf-dist/tex/latex/amsfonts/amsfonts.sty
Package: amsfonts 2001/10/25 v2.2f
\@emptytoks=\toks16
\symAMSa=\mathgroup4
\symAMSb=\mathgroup5
LaTeX Font Info:    Overwriting math alphabet `\mathfrak' in version `bold'
(Font)                  U/euf/m/n --> U/euf/b/n on input line 132.
))
(c:/Program Files/texlive/2008/texmf-dist/tex/latex/graphics/graphicx.sty
Package: graphicx 1999/02/16 v1.0f Enhanced LaTeX Graphics (DPC,SPQR)

(c:/Program Files/texlive/2008/texmf-dist/tex/latex/graphics/graphics.sty
Package: graphics 2006/02/20 v1.0o Standard LaTeX Graphics (DPC,SPQR)

(c:/Program Files/texlive/2008/texmf-dist/tex/latex/graphics/trig.sty
Package: trig 1999/03/16 v1.09 sin cos tan (DPC)
)
(c:/Program Files/texlive/2008/texmf/tex/latex/config/graphics.cfg
File: graphics.cfg 2007/01/18 v1.5 graphics configuration of teTeX/TeXLive
)
Package graphics Info: Driver file: dvips.def on input line 90.
)
\Gin@req@height=\dimen107
\Gin@req@width=\dimen108
)
(c:/Program Files/texlive/2008/texmf-dist/tex/latex/base/fontenc.sty
Package: fontenc 2005/09/27 v1.99g Standard LaTeX package

(c:/Program Files/texlive/2008/texmf-dist/tex/latex/base/t1enc.def
File: t1enc.def 2005/09/27 v1.99g Standard LaTeX file
LaTeX Font Info:    Redeclaring font encoding T1 on input line 43.
))
(c:/Program Files/texlive/2008/texmf-dist/tex/latex/base/inputenc.sty
Package: inputenc 2006/05/05 v1.1b Input encoding file
\inpenc@prehook=\toks17
\inpenc@posthook=\toks18

(c:/Program Files/texlive/2008/texmf-dist/tex/latex/base/latin1.def
File: latin1.def 2006/05/05 v1.1b Input encoding file
))
(c:/Program Files/texlive/2008/texmf-dist/tex/latex/fancyhdr/fancyhdr.sty
\fancy@headwidth=\skip43
\f@ncyO@elh=\skip44
\f@ncyO@erh=\skip45
\f@ncyO@olh=\skip46
\f@ncyO@orh=\skip47
\f@ncyO@elf=\skip48
\f@ncyO@erf=\skip49
\f@ncyO@olf=\skip50
\f@ncyO@orf=\skip51
)
(c:/Program Files/texlive/2008/texmf-dist/tex/latex/graphics/epsfig.sty
Package: epsfig 1999/02/16 v1.7a (e)psfig emulation (SPQR)
\epsfxsize=\dimen109
\epsfysize=\dimen110
)
(c:/Program Files/texlive/2008/texmf-dist/tex/latex/tools/array.sty
Package: array 2005/08/23 v2.4b Tabular extension package (FMi)
\col@sep=\dimen111
\extrarowheight=\dimen112
\NC@list=\toks19
\extratabsurround=\skip52
\backup@length=\skip53
))
\@input{mylistings.aux}
\openout2 = `mylistings.aux'.

(./mylistings.tex)
No file manual.aux.
\openout1 = `manual.aux'.

LaTeX Font Info:    Checking defaults for OML/cmm/m/it on input line 13.
LaTeX Font Info:    ... okay on input line 13.
LaTeX Font Info:    Checking defaults for T1/cmr/m/n on input line 13.
LaTeX Font Info:    ... okay on input line 13.
LaTeX Font Info:    Checking defaults for OT1/cmr/m/n on input line 13.
LaTeX Font Info:    ... okay on input line 13.
LaTeX Font Info:    Checking defaults for OMS/cmsy/m/n on input line 13.
LaTeX Font Info:    ... okay on input line 13.
LaTeX Font Info:    Checking defaults for OMX/cmex/m/n on input line 13.
LaTeX Font Info:    ... okay on input line 13.
LaTeX Font Info:    Checking defaults for U/cmr/m/n on input line 13.
LaTeX Font Info:    ... okay on input line 13.
\c@lstlisting=\count96
LaTeX Font Info:    Try loading font information for U+msa on input line 14.
(c:/Program Files/texlive/2008/texmf-dist/tex/latex/amsfonts/umsa.fd
File: umsa.fd 2002/01/19 v2.2g AMS font definitions
)
LaTeX Font Info:    Try loading font information for U+msb on input line 14.

(c:/Program Files/texlive/2008/texmf-dist/tex/latex/amsfonts/umsb.fd
File: umsb.fd 2002/01/19 v2.2g AMS font definitions
)

LaTeX Warning: No \author given.

[1





]
\openout2 = `chapters/introduction.aux'.

 (./chapters/introduction.tex
Chapter 1.

LaTeX Font Warning: Font shape `T1/cmr/m/n' in size <64.56757> not available
(Font)              size <35.83> substituted on input line 1.


LaTeX Font Warning: Font shape `T1/cmr/bx/n' in size <64.56757> not available
(Font)              size <35.83> substituted on input line 1.


LaTeX Warning: Citation `Dastani:08a' on page 1 undefined on input line 7.


LaTeX Warning: Citation `D-RULECHP09' on page 1 undefined on input line 7.


LaTeX Warning: Citation `CLIMA09' on page 1 undefined on input line 7.

LaTeX Font Info:    Try loading font information for T1+cmtt on input line 37.
(c:/Program Files/texlive/2008/texmf-dist/tex/latex/base/t1cmtt.fd
File: t1cmtt.fd 1999/05/25 v2.5h Standard LaTeX font definitions
)
LaTeX Font Info:    Try loading font information for OMS+cmr on input line 45.

(c:/Program Files/texlive/2008/texmf-dist/tex/latex/base/omscmr.fd
File: omscmr.fd 1999/05/25 v2.5h Standard LaTeX font definitions
)
LaTeX Font Info:    Font shape `OMS/cmr/m/n' in size <10> not available
(Font)              Font shape `OMS/cmsy/m/n' tried instead on input line 45.
 [1


]

LaTeX Warning: Reference `chap:eclipse' on page 2 undefined on input line 55.


LaTeX Warning: Reference `chap:language' on page 2 undefined on input line 84.


LaTeX Warning: Reference `chap:environment' on page 2 undefined on input line 8
9.


LaTeX Warning: Reference `chap:eclipse' on page 2 undefined on input line 101.

File: images/configuration.eps Graphic file (type eps)
<images/configuration.eps>

LaTeX Warning: Reference `fig:configuration' on page 2 undefined on input line 
120.


LaTeX Warning: Citation `jade2005' on page 2 undefined on input line 123.

[2]

LaTeX Warning: Reference `fig:mainscreen' on page 3 undefined on input line 129
.

File: images/mainscreen.eps Graphic file (type eps)
<images/mainscreen.eps>
Overfull \hbox (39.50348pt too wide) in paragraph at lines 146--148
[][]\T1/cmr/m/n/10 Browse to the di-rec-tory \T1/cmtt/m/n/10 2APL$\OMS/cmsy/m/n
/10 n$\T1/cmtt/m/n/10 examples$\OMS/cmsy/m/n/10 n$\T1/cmtt/m/n/10 harry and sal
ly \T1/cmr/m/n/10 and se-lect the file named \T1/cmtt/m/n/10 harrysally.mas\T1/
cmr/m/n/10 . 
 []

[3]
File: images/loadedmas.eps Graphic file (type eps)
 <images/loadedmas.eps>
File: images/blockworld.eps Graphic file (type eps)
 <images/blockworld.eps>

LaTeX Warning: Reference `fig:loadedmas' on page 4 undefined on input line 182.



LaTeX Warning: Reference `fig:harry' on page 4 undefined on input line 196.

File: images/harry.eps Graphic file (type eps)
<images/harry.eps> [4]
File: images/btnopen.eps Graphic file (type eps)
 <images/btnopen.eps>
File: images/btndel.eps Graphic file (type eps)
 <images/btndel.eps>
File: images/btnreset.eps Graphic file (type eps)

<images/btnreset.eps>
File: images/btnrun.eps Graphic file (type eps)
 <images/btnrun.eps>
File: images/playcycle.eps Graphic file (type eps)
 <images/playcycle.eps>
File: images/btnstep.eps Graphic file (type eps)

<images/btnstep.eps>
File: images/btnpause.eps Graphic file (type eps)
 <images/btnpause.eps>
File: images/btnall.eps Graphic file (type eps)
 <images/btnall.eps>
File: images/btnsingle.eps Graphic file (type eps)

<images/btnsingle.eps>
File: images/message.eps Graphic file (type eps)
 <images/message.eps> [5]

LaTeX Warning: Reference `fig:harry' on page 6 undefined on input line 271.


LaTeX Warning: Reference `fig:statetracer' on page 6 undefined on input line 29
0.

File: images/statetracer.eps Graphic file (type eps)
<images/statetracer.eps>

LaTeX Warning: Reference `fig:log' on page 6 undefined on input line 306.

File: images/log.eps Graphic file (type eps)
<images/log.eps>) [6] [7]
\openout2 = `chapters/ide.aux'.

 (./chapters/ide.tex
File: images/workspace.eps Graphic file (type eps)
 <images/workspace.eps> [8


]

LaTeX Warning: Reference `fig:existingproject' on page 9 undefined on input lin
e 92.

File: images/existingprojects.eps Graphic file (type eps)
<images/existingprojects.eps>
File: images/existingproject1.eps Graphic file (type eps)
 <images/existingproject1.eps>
File: images/existingproject2.eps Graphic file (type eps)

<images/existingproject2.eps>

LaTeX Warning: `h' float specifier changed to `ht'.

[9]

LaTeX Warning: Reference `fig:usage1' on page 10 undefined on input line 148.

File: images/usage1.eps Graphic file (type eps)
<images/usage1.eps>
File: images/usage2.eps Graphic file (type eps)
 <images/usage2.eps>

LaTeX Warning: Reference `fig:usage3' on page 10 undefined on input line 165.


LaTeX Warning: Reference `fig:usage3' on page 10 undefined on input line 171.

File: images/usage3.eps Graphic file (type eps)
<images/usage3.eps>
File: images/usage4.eps Graphic file (type eps)
 <images/usage4.eps>

LaTeX Warning: Reference `fig:newfile1' on page 10 undefined on input line 193.


[10]
File: images/newfile1.eps Graphic file (type eps)
 <images/newfile1.eps>
File: images/newfile2.eps Graphic file (type eps)
 <images/newfile2.eps>

LaTeX Warning: Reference `fig:coloring' on page 11 undefined on input line 224.


File: images/color1.eps Graphic file (type eps)
<images/color1.eps> [11]
File: images/runconfiguration.eps Graphic file (type eps)
 <images/runconfiguration.eps>
File: images/runconfiguration1.eps Graphic file (type eps)

<images/runconfiguration1.eps>

LaTeX Warning: Reference `fig:platform' on page 12 undefined on input line 271.


File: images/platform.eps Graphic file (type eps)
<images/platform.eps>

LaTeX Warning: Reference `fig:run' on page 12 undefined on input line 286.

File: images/run.eps Graphic file (type eps)
<images/run.eps> [12]) [13] [14]
\openout2 = `chapters/language.aux'.

 (./chapters/language.tex
Chapter 2.

LaTeX Warning: Reference `fig:masfile' on page 15 undefined on input line 15.

[15



]

LaTeX Warning: Reference `chap:environment' on page 16 undefined on input line 
71.

[16] [17] [18] [19]

LaTeX Warning: Citation `jade2005' on page 20 undefined on input line 347.


LaTeX Warning: Reference `sec:pcrules' on page 20 undefined on input line 393.

[20] [21]

LaTeX Warning: Reference `chap:environment' on page 22 undefined on input line 
527.

[22] [23]

LaTeX Warning: Reference `sec:include' on page 24 undefined on input line 658.

[24] [25]

LaTeX Warning: Reference `fig:delib' on page 26 undefined on input line 774.

File: images/deliberation.eps Graphic file (type eps)
<images/deliberation.eps>) [26] [27]
\openout2 = `chapters/environment.aux'.

 (./chapters/environment.tex
Chapter 3.

LaTeX Warning: Reference `sec:externalaction' on page 28 undefined on input lin
e 8.


LaTeX Warning: Citation `ifi0910behrens' on page 28 undefined on input line 10.


[28



]

LaTeX Warning: Reference `fig:blockworld' on page 29 undefined on input line 10
5.

File: images/blockworld.eps Graphic file (type eps)
<images/blockworld.eps>
Overfull \hbox (6.28824pt too wide) in paragraph at lines 122--144
[][][] 
 []

[29]
Overfull \hbox (6.28824pt too wide) in paragraph at lines 161--177
[][][] 
 []


Overfull \hbox (6.28824pt too wide) in paragraph at lines 178--194
[][][] 
 []


Overfull \hbox (6.28824pt too wide) in paragraph at lines 195--211
[][][] 
 []


Overfull \hbox (6.28824pt too wide) in paragraph at lines 212--228
[][][] 
 []

[30]
Overfull \hbox (6.28824pt too wide) in paragraph at lines 262--277
[][][] 
 []


Overfull \hbox (6.28824pt too wide) in paragraph at lines 278--290
[][][] 
 []

[31]) [32] [33] (./manual.bbl) [34


] (./manual.aux (./chapters/introduction.aux) (./chapters/ide.aux) (./chapters/
language.aux) (./chapters/environment.aux))

LaTeX Font Warning: Size substitutions with differences
(Font)              up to 28.73756pt have occurred.


LaTeX Warning: There were undefined references.


LaTeX Warning: Label(s) may have changed. Rerun to get cross-references right.

 ) 
Here is how much of TeX's memory you used:
 3408 strings out of 493877
 44213 string characters out of 1148440
 95178 words of memory out of 3000000
 6580 multiletter control sequences out of 10000+50000
 24524 words of font info for 64 fonts, out of 3000000 for 5000
 714 hyphenation exceptions out of 8191
 31i,15n,45p,288b,1238s stack positions out of 5000i,500n,10000p,200000b,50000s

Output written on manual.dvi (35 pages, 126596 bytes).
